<repository-service default-repository="db1">
  <repositories>
    <repository name="db1" system-workspace="ws" default-workspace="ws">
      <security-domain>exo-domain</security-domain>
      <access-control>optional</access-control>
      <authentication-policy>org.exoplatform.services.jcr.impl.core.access.JAASAuthenticator</authentication-policy>
      <workspaces>
        <workspace name="ws">
          <!-- for system storage -->
          <container class="org.exoplatform.services.jcr.impl.storage.jdbc.optimisation.CQJDBCWorkspaceDataContainer">
            <properties>
              <property name="source-name" value="jdbcjcr"/>
              <property name="dialect" value="hsqldb"/>
              <property name="db-structure-type" value="isolated" />
              <property name="max-buffer-size" value="200k"/>
              <property name="swap-directory" value="target/temp/swap/ws"/>
            </properties>
          </container>
            <cache enabled="true"
              class="org.exoplatform.services.jcr.impl.dataflow.persistent.jbosscache.JBossCacheWorkspaceStorageCache">
              <properties>
                 <property name="jbosscache-configuration" value="conf/standalone/test-jbosscache-config.xml" />
                 <property name="jbosscache-shareable" value="true" />
              </properties>
            </cache>          
          <query-handler class="org.exoplatform.services.jcr.impl.core.query.lucene.SearchIndex">
            <properties>
              <property name="index-dir" value="target/temp/index/ws" />
            </properties>
          </query-handler>
          <lock-manager class="org.exoplatform.services.jcr.impl.core.lock.jbosscache.CacheableLockManagerImpl">
             <properties>
                <property name="time-out" value="15m" />
                <property name="jbosscache-configuration" value="conf/standalone/test-jbosscache-lock.xml" />
                <property name="jbosscache-cl-cache.jdbc.table.name" value="jcrlocks" />
                <property name="jbosscache-cl-cache.jdbc.table.create" value="true" />
                <property name="jbosscache-cl-cache.jdbc.table.drop" value="false" />
                <property name="jbosscache-cl-cache.jdbc.table.primarykey" value="jcrlocks_pk" />
                <property name="jbosscache-cl-cache.jdbc.fqn.column" value="fqn" />
                <property name="jbosscache-cl-cache.jdbc.node.column" value="node" />
                <property name="jbosscache-cl-cache.jdbc.parent.column" value="parent" />
                <property name="jbosscache-cl-cache.jdbc.datasource" value="jdbcjcr" />
                <property name="jbosscache-shareable" value="true" />
             </properties>
          </lock-manager>
        </workspace>

        <workspace name="ws1">
          <container class="org.exoplatform.services.jcr.impl.storage.jdbc.optimisation.CQJDBCWorkspaceDataContainer">
            <properties>
              <property name="source-name" value="jdbcjcr"/>
              <property name="dialect" value="hsqldb"/>
              <property name="db-structure-type" value="isolated" />
              <property name="max-buffer-size" value="200k"/>
              <property name="swap-directory" value="target/temp/swap/ws1"/>
            </properties>
          </container>
            <cache enabled="true"
              class="org.exoplatform.services.jcr.impl.dataflow.persistent.jbosscache.JBossCacheWorkspaceStorageCache">
              <properties>
                 <property name="jbosscache-configuration" value="conf/standalone/test-jbosscache-config.xml" />
                 <property name="jbosscache-shareable" value="true" />
              </properties>
            </cache>   
          <query-handler class="org.exoplatform.services.jcr.impl.core.query.lucene.SearchIndex">
            <properties>
              <property name="index-dir" value="target/temp/index/ws1" />
            </properties>
          </query-handler>
          <lock-manager class="org.exoplatform.services.jcr.impl.core.lock.jbosscache.CacheableLockManagerImpl">
             <properties>
                <property name="time-out" value="15m" />
                <property name="jbosscache-configuration" value="conf/standalone/test-jbosscache-lock.xml" />
                <property name="jbosscache-cl-cache.jdbc.table.name" value="jcrlocks" />
                <property name="jbosscache-cl-cache.jdbc.table.create" value="true" />
                <property name="jbosscache-cl-cache.jdbc.table.drop" value="false" />
                <property name="jbosscache-cl-cache.jdbc.table.primarykey" value="jcrlocks_pk" />
                <property name="jbosscache-cl-cache.jdbc.fqn.column" value="fqn" />
                <property name="jbosscache-cl-cache.jdbc.node.column" value="node" />
                <property name="jbosscache-cl-cache.jdbc.parent.column" value="parent" />
                <property name="jbosscache-cl-cache.jdbc.datasource" value="jdbcjcr" />
                <property name="jbosscache-shareable" value="true" />
             </properties>
          </lock-manager>
        </workspace>

        <workspace name="ws2" auto-init-root-nodetype="nt:unstructured">
          <container class="org.exoplatform.services.jcr.impl.storage.jdbc.optimisation.CQJDBCWorkspaceDataContainer">
            <properties>
              <property name="source-name" value="jdbcjcr"/>
              <property name="dialect" value="hsqldb"/>
              <property name="db-structure-type" value="isolated" />
              <property name="max-buffer-size" value="200k"/>
              <property name="swap-directory" value="target/temp/swap/ws2"/>
            </properties>
          </container>
            <cache enabled="true"
              class="org.exoplatform.services.jcr.impl.dataflow.persistent.jbosscache.JBossCacheWorkspaceStorageCache">
              <properties>
                 <property name="jbosscache-configuration" value="conf/standalone/test-jbosscache-config.xml" />
                 <property name="jbosscache-shareable" value="true" />
              </properties>
            </cache> 
          <query-handler class="org.exoplatform.services.jcr.impl.core.query.lucene.SearchIndex">
            <properties>
              <property name="index-dir" value="target/temp/index/ws2" />
            </properties>
          </query-handler>
          <lock-manager class="org.exoplatform.services.jcr.impl.core.lock.jbosscache.CacheableLockManagerImpl">
             <properties>
                <property name="time-out" value="15m" />
                <property name="jbosscache-configuration" value="conf/standalone/test-jbosscache-lock.xml" />
                <property name="jbosscache-cl-cache.jdbc.table.name" value="jcrlocks" />
                <property name="jbosscache-cl-cache.jdbc.table.create" value="true" />
                <property name="jbosscache-cl-cache.jdbc.table.drop" value="false" />
                <property name="jbosscache-cl-cache.jdbc.table.primarykey" value="jcrlocks_pk" />
                <property name="jbosscache-cl-cache.jdbc.fqn.column" value="fqn" />
                <property name="jbosscache-cl-cache.jdbc.node.column" value="node" />
                <property name="jbosscache-cl-cache.jdbc.parent.column" value="parent" />
                <property name="jbosscache-cl-cache.jdbc.datasource" value="jdbcjcr" />
                <property name="jbosscache-shareable" value="true" />
             </properties>
          </lock-manager>
        </workspace>

        <workspace name="ws3" auto-init-root-nodetype="nt:unstructured">
          <container class="org.exoplatform.services.jcr.impl.storage.jdbc.optimisation.CQJDBCWorkspaceDataContainer">
            <properties>
              <property name="source-name" value="jdbcjcr"/>
              <property name="dialect" value="hsqldb"/>
              <property name="db-structure-type" value="isolated" />
              <property name="max-buffer-size" value="200k"/>
              <property name="swap-directory" value="target/temp/swap/ws3"/>
            </properties>
          </container>
            <cache enabled="true"
              class="org.exoplatform.services.jcr.impl.dataflow.persistent.jbosscache.JBossCacheWorkspaceStorageCache">
              <properties>
                 <property name="jbosscache-configuration" value="conf/standalone/test-jbosscache-config.xml" />
                 <property name="jbosscache-shareable" value="true" />
              </properties>
            </cache>  
          <query-handler class="org.exoplatform.services.jcr.impl.core.query.lucene.SearchIndex">
            <properties>
              <property name="index-dir" value="target/temp/index/ws3" />
            </properties>
          </query-handler>
          <lock-manager class="org.exoplatform.services.jcr.impl.core.lock.jbosscache.CacheableLockManagerImpl">
             <properties>
                <property name="time-out" value="15m" />
                <property name="jbosscache-configuration" value="conf/standalone/test-jbosscache-lock.xml" />
                <property name="jbosscache-cl-cache.jdbc.table.name" value="jcrlocks" />
                <property name="jbosscache-cl-cache.jdbc.table.create" value="true" />
                <property name="jbosscache-cl-cache.jdbc.table.drop" value="false" />
                <property name="jbosscache-cl-cache.jdbc.table.primarykey" value="jcrlocks_pk" />
                <property name="jbosscache-cl-cache.jdbc.fqn.column" value="fqn" />
                <property name="jbosscache-cl-cache.jdbc.node.column" value="node" />
                <property name="jbosscache-cl-cache.jdbc.parent.column" value="parent" />
                <property name="jbosscache-cl-cache.jdbc.datasource" value="jdbcjcr" />
                <property name="jbosscache-shareable" value="true" />
             </properties>
          </lock-manager>
        </workspace>

        <workspace name="ws4" auto-init-root-nodetype="nt:unstructured">
          <container class="org.exoplatform.services.jcr.impl.storage.jdbc.optimisation.CQJDBCWorkspaceDataContainer">
            <properties>
              <property name="source-name" value="jdbcjcr"/>
              <property name="dialect" value="hsqldb"/>
              <property name="db-structure-type" value="isolated" />
              <property name="max-buffer-size" value="200k"/>
              <property name="swap-directory" value="target/temp/swap/ws4"/>
            </properties>
          </container>
            <cache enabled="true"
              class="org.exoplatform.services.jcr.impl.dataflow.persistent.jbosscache.JBossCacheWorkspaceStorageCache">
              <properties>
                 <property name="jbosscache-configuration" value="conf/standalone/test-jbosscache-config.xml" />
                 <property name="jbosscache-shareable" value="true" />
              </properties>
            </cache>  
          <query-handler class="org.exoplatform.services.jcr.impl.core.query.lucene.SearchIndex">
            <properties>
              <property name="index-dir" value="target/temp/index/ws4" />
            </properties>
          </query-handler>
          <lock-manager class="org.exoplatform.services.jcr.impl.core.lock.jbosscache.CacheableLockManagerImpl">
             <properties>
                <property name="time-out" value="15m" />
                <property name="jbosscache-configuration" value="conf/standalone/test-jbosscache-lock.xml" />
                <property name="jbosscache-cl-cache.jdbc.table.name" value="jcrlocks" />
                <property name="jbosscache-cl-cache.jdbc.table.create" value="true" />
                <property name="jbosscache-cl-cache.jdbc.table.drop" value="false" />
                <property name="jbosscache-cl-cache.jdbc.table.primarykey" value="jcrlocks_pk" />
                <property name="jbosscache-cl-cache.jdbc.fqn.column" value="fqn" />
                <property name="jbosscache-cl-cache.jdbc.node.column" value="node" />
                <property name="jbosscache-cl-cache.jdbc.parent.column" value="parent" />
                <property name="jbosscache-cl-cache.jdbc.datasource" value="jdbcjcr" />
                <property name="jbosscache-shareable" value="true" />
             </properties>
          </lock-manager>
        </workspace>

        <workspace name="ws5" auto-init-root-nodetype="nt:unstructured">
          <container class="org.exoplatform.services.jcr.impl.storage.jdbc.optimisation.CQJDBCWorkspaceDataContainer">
            <properties>
              <property name="source-name" value="jdbcjcr"/>
              <property name="dialect" value="hsqldb"/>
              <property name="db-structure-type" value="isolated" />
              <property name="max-buffer-size" value="200k"/>
              <property name="swap-directory" value="target/temp/swap/ws5"/>
            </properties>
          </container>
            <cache enabled="true"
              class="org.exoplatform.services.jcr.impl.dataflow.persistent.jbosscache.JBossCacheWorkspaceStorageCache">
              <properties>
                 <property name="jbosscache-configuration" value="conf/standalone/test-jbosscache-config.xml" />
                 <property name="jbosscache-shareable" value="true" />
              </properties>
            </cache>  
          <query-handler class="org.exoplatform.services.jcr.impl.core.query.lucene.SearchIndex">
            <properties>
              <property name="index-dir" value="target/temp/index/ws5" />
            </properties>
          </query-handler>
          <lock-manager class="org.exoplatform.services.jcr.impl.core.lock.jbosscache.CacheableLockManagerImpl">
             <properties>
                <property name="time-out" value="15m" />
                <property name="jbosscache-configuration" value="conf/standalone/test-jbosscache-lock.xml" />
                <property name="jbosscache-cl-cache.jdbc.table.name" value="jcrlocks" />
                <property name="jbosscache-cl-cache.jdbc.table.create" value="true" />
                <property name="jbosscache-cl-cache.jdbc.table.drop" value="false" />
                <property name="jbosscache-cl-cache.jdbc.table.primarykey" value="jcrlocks_pk" />
                <property name="jbosscache-cl-cache.jdbc.fqn.column" value="fqn" />
                <property name="jbosscache-cl-cache.jdbc.node.column" value="node" />
                <property name="jbosscache-cl-cache.jdbc.parent.column" value="parent" />
                <property name="jbosscache-cl-cache.jdbc.datasource" value="jdbcjcr" />
                <property name="jbosscache-shareable" value="true" />
             </properties>
          </lock-manager>
        </workspace>
        
        <workspace name="ws6">
          <container class="org.exoplatform.services.jcr.impl.storage.jdbc.optimisation.CQJDBCWorkspaceDataContainer">
            <properties>
              <property name="source-name" value="jdbcjcr"/>
              <property name="dialect" value="hsqldb"/>
              <property name="db-structure-type" value="isolated" />
              <property name="max-buffer-size" value="200k"/>
              <property name="swap-directory" value="target/temp/swap/ws1"/>
            </properties>
          </container>
            <cache enabled="false"
              class="org.exoplatform.services.jcr.impl.dataflow.persistent.jbosscache.JBossCacheWorkspaceStorageCache">
              <properties>
                 <property name="jbosscache-configuration" value="conf/standalone/test-jbosscache-config.xml" />
                 <property name="jbosscache-shareable" value="true" />
              </properties>
            </cache>   
          <query-handler class="org.exoplatform.services.jcr.impl.core.query.lucene.SearchIndex">
            <properties>
              <property name="index-dir" value="target/temp/index/ws1" />
            </properties>
          </query-handler>
          <lock-manager class="org.exoplatform.services.jcr.impl.core.lock.jbosscache.CacheableLockManagerImpl">
             <properties>
                <property name="time-out" value="15m" />
                <property name="jbosscache-configuration" value="conf/standalone/test-jbosscache-lock.xml" />
                <property name="jbosscache-cl-cache.jdbc.table.name" value="jcrlocks" />
                <property name="jbosscache-cl-cache.jdbc.table.create" value="true" />
                <property name="jbosscache-cl-cache.jdbc.table.drop" value="false" />
                <property name="jbosscache-cl-cache.jdbc.table.primarykey" value="jcrlocks_pk" />
                <property name="jbosscache-cl-cache.jdbc.fqn.column" value="fqn" />
                <property name="jbosscache-cl-cache.jdbc.node.column" value="node" />
                <property name="jbosscache-cl-cache.jdbc.parent.column" value="parent" />
                <property name="jbosscache-cl-cache.jdbc.datasource" value="jdbcjcr" />
                <property name="jbosscache-shareable" value="true" />
             </properties>
          </lock-manager>
        </workspace>
      </workspaces>
    </repository>

    <repository name="db2" system-workspace="ws" default-workspace="ws">
      <security-domain>exo-domain</security-domain>
      <access-control>optional</access-control>
      <authentication-policy>org.exoplatform.services.jcr.impl.core.access.JAASAuthenticator</authentication-policy>
      <workspaces>
        <workspace name="ws">
          <!-- for system storage -->
          <container class="org.exoplatform.services.jcr.impl.storage.jdbc.optimisation.CQJDBCWorkspaceDataContainer">
            <properties>
              <property name="source-name" value="jdbcjcr2"/>
              <property name="dialect" value="hsqldb"/>
              <property name="db-structure-type" value="isolated" />
              <property name="max-buffer-size" value="200k"/>
              <property name="swap-directory" value="target/temp2/swap/ws"/>
            </properties>
          </container>
            <cache enabled="true"
              class="org.exoplatform.services.jcr.impl.dataflow.persistent.jbosscache.JBossCacheWorkspaceStorageCache">
              <properties>
                 <property name="jbosscache-configuration" value="conf/standalone/test-jbosscache-config.xml" />
                 <property name="jbosscache-shareable" value="true" />
              </properties>
            </cache>
          <query-handler class="org.exoplatform.services.jcr.impl.core.query.lucene.SearchIndex">
            <properties>
              <property name="index-dir" value="target/temp2/index/ws" />
            </properties>
          </query-handler>
          <lock-manager class="org.exoplatform.services.jcr.impl.core.lock.jbosscache.CacheableLockManagerImpl">
             <properties>
                <property name="time-out" value="15m" />
                <property name="jbosscache-configuration" value="conf/standalone/test-jbosscache-lock.xml" />
                <property name="jbosscache-cl-cache.jdbc.table.name" value="jcrlocks" />
                <property name="jbosscache-cl-cache.jdbc.table.create" value="true" />
                <property name="jbosscache-cl-cache.jdbc.table.drop" value="false" />
                <property name="jbosscache-cl-cache.jdbc.table.primarykey" value="jcrlocks_pk" />
                <property name="jbosscache-cl-cache.jdbc.fqn.column" value="fqn" />
                <property name="jbosscache-cl-cache.jdbc.node.column" value="node" />
                <property name="jbosscache-cl-cache.jdbc.parent.column" value="parent" />
                <property name="jbosscache-cl-cache.jdbc.datasource" value="jdbcjcr2" />
                <property name="jbosscache-shareable" value="true" />
             </properties>
          </lock-manager>
        </workspace>
      </workspaces>
    </repository>
  </repositories>
</repository-service>
